Using pre-set license
Built from '2021.3/staging' branch; Version is '2021.3.1f1 (3b70a0754835) revision 3895456'; Using compiler version '192829333'; Build Type 'Release'
OS: 'Windows 10  (10.0.19044) 64bit Core' Language: 'en' Physical Memory: 16295 MB
BatchMode: 1, IsHumanControllingUs: 0, StartBugReporterOnCrash: 0, Is64bit: 1, IsPro: 1

COMMAND LINE ARGUMENTS:
C:\Program Files\Unity\Hub\Editor\2021.3.1f1\Editor\Unity.exe
-adb2
-batchMode
-noUpm
-name
AssetImportWorker2
-projectPath
C:/UnityProjects/BackrollRoyale/PacManFusion
-logFile
Logs/AssetImportWorker2.log
-srvPort
2601
Successfully changed project path to: C:/UnityProjects/BackrollRoyale/PacManFusion
C:/UnityProjects/BackrollRoyale/PacManFusion
[UnityMemory] Configuration Parameters - Can be set up in boot.config
    "memorysetup-bucket-allocator-granularity=16"
    "memorysetup-bucket-allocator-bucket-count=8"
    "memorysetup-bucket-allocator-block-size=33554432"
    "memorysetup-bucket-allocator-block-count=8"
    "memorysetup-main-allocator-block-size=16777216"
    "memorysetup-thread-allocator-block-size=16777216"
    "memorysetup-gfx-main-allocator-block-size=16777216"
    "memorysetup-gfx-thread-allocator-block-size=16777216"
    "memorysetup-cache-allocator-block-size=4194304"
    "memorysetup-typetree-allocator-block-size=2097152"
    "memorysetup-profiler-bucket-allocator-granularity=16"
    "memorysetup-profiler-bucket-allocator-bucket-count=8"
    "memorysetup-profiler-bucket-allocator-block-size=33554432"
    "memorysetup-profiler-bucket-allocator-block-count=8"
    "memorysetup-profiler-allocator-block-size=16777216"
    "memorysetup-profiler-editor-allocator-block-size=1048576"
    "memorysetup-temp-allocator-size-main=16777216"
    "memorysetup-job-temp-allocator-block-size=2097152"
    "memorysetup-job-temp-allocator-block-size-background=1048576"
    "memorysetup-job-temp-allocator-reduction-small-platforms=262144"
    "memorysetup-temp-allocator-size-background-worker=32768"
    "memorysetup-temp-allocator-size-job-worker=262144"
    "memorysetup-temp-allocator-size-preload-manager=33554432"
    "memorysetup-temp-allocator-size-nav-mesh-worker=65536"
    "memorysetup-temp-allocator-size-audio-worker=65536"
    "memorysetup-temp-allocator-size-cloud-worker=32768"
    "memorysetup-temp-allocator-size-gi-baking-worker=262144"
    "memorysetup-temp-allocator-size-gfx=262144"
Refreshing native plugins compatible for Editor in 107.60 ms, found 6 plugins.
Preloading 0 native plugins for Editor in 0.00 ms.
Initialize engine version: 2021.3.1f1 (3b70a0754835)
[Subsystems] Discovering subsystems at path C:/Program Files/Unity/Hub/Editor/2021.3.1f1/Editor/Data/Resources/UnitySubsystems
[Subsystems] Discovering subsystems at path C:/UnityProjects/BackrollRoyale/PacManFusion/Assets
GfxDevice: creating device client; threaded=0; jobified=0
Direct3D:
    Version:  Direct3D 11.0 [level 11.1]
    Renderer: NVIDIA GeForce RTX 3060 (ID=0x2503)
    Vendor:   NVIDIA
    VRAM:     12142 MB
    Driver:   30.0.15.1296
Initialize mono
Mono path[0] = 'C:/Program Files/Unity/Hub/Editor/2021.3.1f1/Editor/Data/Managed'
Mono path[1] = 'C:/Program Files/Unity/Hub/Editor/2021.3.1f1/Editor/Data/MonoBleedingEdge/lib/mono/unityjit-win32'
Mono config path = 'C:/Program Files/Unity/Hub/Editor/2021.3.1f1/Editor/Data/MonoBleedingEdge/etc'
Using monoOptions --debugger-agent=transport=dt_socket,embedding=1,server=y,suspend=n,address=127.0.0.1:56428
Begin MonoManager ReloadAssembly
Registering precompiled unity dll's ...
Register platform support module: C:/Program Files/Unity/Hub/Editor/2021.3.1f1/Editor/Data/PlaybackEngines/AndroidPlayer/UnityEditor.Android.Extensions.dll
Register platform support module: C:/Program Files/Unity/Hub/Editor/2021.3.1f1/Editor/Data/PlaybackEngines/WindowsStandaloneSupport/UnityEditor.WindowsStandalone.Extensions.dll
Registered in 0.008763 seconds.
Native extension for WindowsStandalone target not found
Native extension for Android target not found
Refreshing native plugins compatible for Editor in 100.42 ms, found 6 plugins.
Preloading 0 native plugins for Editor in 0.00 ms.
Mono: successfully reloaded assembly
- Completed reload, in  0.663 seconds
Domain Reload Profiling:
	ReloadAssembly (664ms)
		BeginReloadAssembly (73ms)
			ExecutionOrderSort (0ms)
			DisableScriptedObjects (0ms)
			BackupInstance (0ms)
			ReleaseScriptingObjects (0ms)
			CreateAndSetChildDomain (1ms)
		EndReloadAssembly (481ms)
			LoadAssemblies (71ms)
			RebuildTransferFunctionScriptingTraits (0ms)
			SetupTypeCache (102ms)
			ReleaseScriptCaches (0ms)
			RebuildScriptCaches (27ms)
			SetupLoadedEditorAssemblies (301ms)
				LogAssemblyErrors (0ms)
				InitializePlatformSupportModulesInManaged (58ms)
				SetLoadedEditorAssemblies (0ms)
				RefreshPlugins (101ms)
				BeforeProcessingInitializeOnLoad (1ms)
				ProcessInitializeOnLoadAttributes (95ms)
				ProcessInitializeOnLoadMethodAttributes (46ms)
				AfterProcessingInitializeOnLoad (0ms)
				EditorAssembliesLoaded (0ms)
			ExecutionOrderSort2 (0ms)
			AwakeInstancesAfterBackupRestoration (0ms)
Platform modules already initialized, skipping
Registering precompiled user dll's ...
Registered in 0.018297 seconds.
Begin MonoManager ReloadAssembly
Symbol file LoadedFromMemory doesn't match image C:\UnityProjects\BackrollRoyale\PacManFusion\Library\PackageCache\com.unity.visualscripting@1.7.6\Editor\VisualScripting.Core\Dependencies\DotNetZip\Unity.VisualScripting.IonicZip.dll
Symbol file LoadedFromMemory doesn't match image C:\UnityProjects\BackrollRoyale\PacManFusion\Library\PackageCache\com.unity.visualscripting@1.7.6\Editor\VisualScripting.Core\Dependencies\YamlDotNet\Unity.VisualScripting.YamlDotNet.dll
Symbol file LoadedFromMemory is not a mono symbol file
Native extension for WindowsStandalone target not found
Native extension for Android target not found
Refreshing native plugins compatible for Editor in 99.34 ms, found 6 plugins.
Preloading 0 native plugins for Editor in 0.00 ms.
Mono: successfully reloaded assembly
- Completed reload, in  4.048 seconds
Domain Reload Profiling:
	ReloadAssembly (4049ms)
		BeginReloadAssembly (226ms)
			ExecutionOrderSort (0ms)
			DisableScriptedObjects (5ms)
			BackupInstance (0ms)
			ReleaseScriptingObjects (0ms)
			CreateAndSetChildDomain (126ms)
		EndReloadAssembly (3705ms)
			LoadAssemblies (1564ms)
			RebuildTransferFunctionScriptingTraits (0ms)
			SetupTypeCache (647ms)
			ReleaseScriptCaches (1ms)
			RebuildScriptCaches (69ms)
			SetupLoadedEditorAssemblies (1371ms)
				LogAssemblyErrors (0ms)
				InitializePlatformSupportModulesInManaged (13ms)
				SetLoadedEditorAssemblies (0ms)
				RefreshPlugins (99ms)
				BeforeProcessingInitializeOnLoad (102ms)
				ProcessInitializeOnLoadAttributes (368ms)
				ProcessInitializeOnLoadMethodAttributes (781ms)
				AfterProcessingInitializeOnLoad (8ms)
				EditorAssembliesLoaded (0ms)
			ExecutionOrderSort2 (0ms)
			AwakeInstancesAfterBackupRestoration (5ms)
Platform modules already initialized, skipping
========================================================================
Worker process is ready to serve import requests
Launched and connected shader compiler UnityShaderCompiler.exe after 0.09 seconds
Refreshing native plugins compatible for Editor in 1.20 ms, found 6 plugins.
Preloading 0 native plugins for Editor in 0.00 ms.
Unloading 4104 Unused Serialized files (Serialized files now loaded: 0)
Unloading 72 unused Assets / (229.9 KB). Loaded Objects now: 4627.
Memory consumption went from 155.3 MB to 155.0 MB.
Total: 4.375700 ms (FindLiveObjects: 0.421600 ms CreateObjectMapping: 0.130500 ms MarkObjects: 3.574800 ms  DeleteObjects: 0.247400 ms)

AssetImportParameters requested are different than current active one (requested -> active):
  custom:video-decoder-ogg-theora: a1e56fd34408186e4bbccfd4996cb3dc -> 
  custom:container-muxer-webm: aa71ff27fc2769a1b78a27578f13a17b -> 
  custom:container-demuxer-webm: 4f35f7cbe854078d1ac9338744f61a02 -> 
  custom:video-encoder-webm-vp8: eb34c28f22e8b96e1ab97ce403110664 -> 
  custom:audio-encoder-webm-vorbis: bf7c407c2cedff20999df2af8eb42d56 -> 
  custom:framework-win-MediaFoundation: 216162199b28c13a410421893ffa2e32 -> 
  custom:container-demuxer-ogg: 62fdf1f143b41e24485cea50d1cbac27 -> 
  custom:video-decoder-webm-vp8: 9c59270c3fd7afecdb556c50c9e8de78 -> 
  custom:audio-decoder-ogg-vorbis: bf7c407c2cedff20999df2af8eb42d56 -> 
========================================================================
Received Import Request.
  Time since last request: 130264.753081 seconds.
  path: ProjectSettings/TagManager.asset
  artifactKey: Guid(00000000000000003000000000000000) Importer(815301076,1909f56bfc062723c751e8b465ee728b)
Start importing ProjectSettings/TagManager.asset using Guid(00000000000000003000000000000000) Importer(815301076,1909f56bfc062723c751e8b465ee728b)  -> (artifact id: 'f62073428a734033a76ada0e7f9fa094') in 0.035429 seconds 
========================================================================
Received Import Request.
  Time since last request: 551.491617 seconds.
  path: Assets/Sprites/Fruit_Apple.png
  artifactKey: Guid(333efda297305804ab18ba62c4a59b0d) Importer(815301076,1909f56bfc062723c751e8b465ee728b)
Start importing Assets/Sprites/Fruit_Apple.png using Guid(333efda297305804ab18ba62c4a59b0d) Importer(815301076,1909f56bfc062723c751e8b465ee728b)  -> (artifact id: '8f63ba18ae07abe6b49ba54f39c51f8e') in 0.102727 seconds 
========================================================================
Received Import Request.
  Time since last request: 1.903989 seconds.
  path: Assets/Sprites/Wall_02.png
  artifactKey: Guid(1e35994e85d4e06438561e6d4289e2d3) Importer(815301076,1909f56bfc062723c751e8b465ee728b)
Start importing Assets/Sprites/Wall_02.png using Guid(1e35994e85d4e06438561e6d4289e2d3) Importer(815301076,1909f56bfc062723c751e8b465ee728b)  -> (artifact id: 'c89be6a37a306e09863af16142bb2dcb') in 0.015358 seconds 
========================================================================
Received Import Request.
  Time since last request: 0.536956 seconds.
  path: Assets/Sprites/Wall_07.png
  artifactKey: Guid(22b85c5a1b35f6344bea572b841882b1) Importer(815301076,1909f56bfc062723c751e8b465ee728b)
Start importing Assets/Sprites/Wall_07.png using Guid(22b85c5a1b35f6344bea572b841882b1) Importer(815301076,1909f56bfc062723c751e8b465ee728b)  -> (artifact id: 'ab553f9b2cd9bb524e331e074db29129') in 0.015863 seconds 
========================================================================
Received Import Request.
  Time since last request: 60.606682 seconds.
  path: Assets/Sprites/Fruit_Bell.png
  artifactKey: Guid(9db59b1f7c3f18a488bb7006c8f7d63a) Importer(815301076,1909f56bfc062723c751e8b465ee728b)
Start importing Assets/Sprites/Fruit_Bell.png using Guid(9db59b1f7c3f18a488bb7006c8f7d63a) Importer(815301076,1909f56bfc062723c751e8b465ee728b)  -> (artifact id: '53f3eae2576107b66ee5bc53acdfffb8') in 0.016066 seconds 
========================================================================
Received Import Request.
  Time since last request: 0.828147 seconds.
  path: Assets/Sprites/Fruit_Cherry.png
  artifactKey: Guid(bcf9abba0c5011447aedacaa56f809a4) Importer(815301076,1909f56bfc062723c751e8b465ee728b)
Start importing Assets/Sprites/Fruit_Cherry.png using Guid(bcf9abba0c5011447aedacaa56f809a4) Importer(815301076,1909f56bfc062723c751e8b465ee728b)  -> (artifact id: '00af1de656600bf4d6c02dffd416311b') in 0.020144 seconds 
========================================================================
Received Import Request.
  Time since last request: 0.601441 seconds.
  path: Assets/Sprites/Fruit_GalaxianStarship.png
  artifactKey: Guid(43287113cc1900f44a90a7c880c6c0f6) Importer(815301076,1909f56bfc062723c751e8b465ee728b)
Start importing Assets/Sprites/Fruit_GalaxianStarship.png using Guid(43287113cc1900f44a90a7c880c6c0f6) Importer(815301076,1909f56bfc062723c751e8b465ee728b)  -> (artifact id: '19d4b9429049906da9a4915cbf4ac37c') in 0.015824 seconds 
========================================================================
Received Import Request.
  Time since last request: 1.289496 seconds.
  path: Assets/Sprites/Pacman_Death_01.png
  artifactKey: Guid(7c2a3428d5369f54e89eac69cd0ee74f) Importer(815301076,1909f56bfc062723c751e8b465ee728b)
Start importing Assets/Sprites/Pacman_Death_01.png using Guid(7c2a3428d5369f54e89eac69cd0ee74f) Importer(815301076,1909f56bfc062723c751e8b465ee728b)  -> (artifact id: '22771e162569c300a7c7d7053212f0d9') in 0.015442 seconds 
========================================================================
Received Import Request.
  Time since last request: 0.607291 seconds.
  path: Assets/Sprites/Pacman_03.png
  artifactKey: Guid(f8f2ab5881c3e9949bf4ffe9525a0fb7) Importer(815301076,1909f56bfc062723c751e8b465ee728b)
Start importing Assets/Sprites/Pacman_03.png using Guid(f8f2ab5881c3e9949bf4ffe9525a0fb7) Importer(815301076,1909f56bfc062723c751e8b465ee728b)  -> (artifact id: 'd19c74b1164f8ce944f1c39fb4d7aceb') in 0.015239 seconds 
========================================================================
Received Import Request.
  Time since last request: 0.622949 seconds.
  path: Assets/Sprites/Pacman_02.png
  artifactKey: Guid(1f9604f5749fde646a59a72c9ee1cd3a) Importer(815301076,1909f56bfc062723c751e8b465ee728b)
Start importing Assets/Sprites/Pacman_02.png using Guid(1f9604f5749fde646a59a72c9ee1cd3a) Importer(815301076,1909f56bfc062723c751e8b465ee728b)  -> (artifact id: 'ad704b3b8d137e9aba87f9e526165b85') in 0.014287 seconds 
========================================================================
Received Import Request.
  Time since last request: 5.464361 seconds.
  path: Assets/Sprites/Ghost_Body_01.png
  artifactKey: Guid(afc3b534b8a93544984cf1676ba61ae4) Importer(815301076,1909f56bfc062723c751e8b465ee728b)
Start importing Assets/Sprites/Ghost_Body_01.png using Guid(afc3b534b8a93544984cf1676ba61ae4) Importer(815301076,1909f56bfc062723c751e8b465ee728b)  -> (artifact id: '38eefe3d3f4b09499a394ec6af9843ef') in 0.015905 seconds 
========================================================================
Received Import Request.
  Time since last request: 1.043094 seconds.
  path: Assets/Sprites/Ghost_Body_02.png
  artifactKey: Guid(6f51e42bf59063c4ab7a5608a42bd23d) Importer(815301076,1909f56bfc062723c751e8b465ee728b)
Start importing Assets/Sprites/Ghost_Body_02.png using Guid(6f51e42bf59063c4ab7a5608a42bd23d) Importer(815301076,1909f56bfc062723c751e8b465ee728b)  -> (artifact id: '548dc620cd138b39c1d3dfb528138180') in 0.014432 seconds 
